<?xml version="1.0" encoding="UTF-8"?>
<testsuite name="com.example.githubactionstest1.GithubActionsTest1ApplicationTests" tests="1" skipped="0" failures="0" errors="0" timestamp="2022-08-22T05:43:59" hostname="Adminui-MacBookPro.local" time="0.287">
  <properties/>
  <testcase name="test1()" classname="com.example.githubactionstest1.GithubActionsTest1ApplicationTests" time="0.287"/>
  <system-out><![CDATA[14:43:51.031 [Test worker] DEBUG org.springframework.test.context.BootstrapUtils - Instantiating CacheAwareContextLoaderDelegate from class [org.springframework.test.context.cache.DefaultCacheAwareContextLoaderDelegate]
14:43:51.048 [Test worker] DEBUG org.springframework.test.context.BootstrapUtils - Instantiating BootstrapContext using constructor [public org.springframework.test.context.support.DefaultBootstrapContext(java.lang.Class,org.springframework.test.context.CacheAwareContextLoaderDelegate)]
14:43:51.099 [Test worker] DEBUG org.springframework.test.context.BootstrapUtils - Instantiating TestContextBootstrapper for test class [com.example.githubactionstest1.GithubActionsTest1ApplicationTests] from class [org.springframework.boot.test.context.SpringBootTestContextBootstrapper]
14:43:51.124 [Test worker] INFO org.springframework.boot.test.context.SpringBootTestContextBootstrapper - Neither @ContextConfiguration nor @ContextHierarchy found for test class [com.example.githubactionstest1.GithubActionsTest1ApplicationTests], using SpringBootContextLoader
14:43:51.129 [Test worker] DEBUG org.springframework.test.context.support.AbstractContextLoader - Did not detect default resource location for test class [com.example.githubactionstest1.GithubActionsTest1ApplicationTests]: class path resource [com/example/githubactionstest1/GithubActionsTest1ApplicationTests-context.xml] does not exist
14:43:51.130 [Test worker] DEBUG org.springframework.test.context.support.AbstractContextLoader - Did not detect default resource location for test class [com.example.githubactionstest1.GithubActionsTest1ApplicationTests]: class path resource [com/example/githubactionstest1/GithubActionsTest1ApplicationTestsContext.groovy] does not exist
14:43:51.130 [Test worker] INFO org.springframework.test.context.support.AbstractContextLoader - Could not detect default resource locations for test class [com.example.githubactionstest1.GithubActionsTest1ApplicationTests]: no resource found for suffixes {-context.xml, Context.groovy}.
14:43:51.130 [Test worker] INFO org.springframework.test.context.support.AnnotationConfigContextLoaderUtils - Could not detect default configuration classes for test class [com.example.githubactionstest1.GithubActionsTest1ApplicationTests]: GithubActionsTest1ApplicationTests does not declare any static, non-private, non-final, nested classes annotated with @Configuration.
14:43:51.190 [Test worker] DEBUG org.springframework.test.context.support.ActiveProfilesUtils - Could not find an 'annotation declaring class' for annotation type [org.springframework.test.context.ActiveProfiles] and class [com.example.githubactionstest1.GithubActionsTest1ApplicationTests]
14:43:51.255 [Test worker] DEBUG org.springframework.context.annotation.ClassPathScanningCandidateComponentProvider - Identified candidate component class: file [/Users/admin/Downloads/github-actions-test1/build/classes/kotlin/main/com/example/githubactionstest1/GithubActionsTest1Application.class]
14:43:51.263 [Test worker] INFO org.springframework.boot.test.context.SpringBootTestContextBootstrapper - Found @SpringBootConfiguration com.example.githubactionstest1.GithubActionsTest1Application for test class com.example.githubactionstest1.GithubActionsTest1ApplicationTests
14:43:51.455 [Test worker] DEBUG org.springframework.boot.test.context.SpringBootTestContextBootstrapper - @TestExecutionListeners is not present for class [com.example.githubactionstest1.GithubActionsTest1ApplicationTests]: using defaults.
14:43:51.485 [Test worker] INFO org.springframework.boot.test.context.SpringBootTestContextBootstrapper - Loaded default TestExecutionListener class names from location [META-INF/spring.factories]: [org.springframework.boot.test.autoconfigure.restdocs.RestDocsTestExecutionListener, org.springframework.boot.test.autoconfigure.web.client.MockRestServiceServerResetTestExecutionListener, org.springframework.boot.test.autoconfigure.web.servlet.MockMvcPrintOnlyOnFailureTestExecutionListener, org.springframework.boot.test.autoconfigure.web.servlet.WebDriverTestExecutionListener, org.springframework.boot.test.autoconfigure.webservices.client.MockWebServiceServerTestExecutionListener, org.springframework.boot.test.mock.mockito.MockitoTestExecutionListener, org.springframework.boot.test.mock.mockito.ResetMocksTestExecutionListener, org.springframework.test.context.web.ServletTestExecutionListener, org.springframework.test.context.support.DirtiesContextBeforeModesTestExecutionListener, org.springframework.test.context.event.ApplicationEventsTestExecutionListener, org.springframework.test.context.support.DependencyInjectionTestExecutionListener, org.springframework.test.context.support.DirtiesContextTestExecutionListener, org.springframework.test.context.transaction.TransactionalTestExecutionListener, org.springframework.test.context.jdbc.SqlScriptsTestExecutionListener, org.springframework.test.context.event.EventPublishingTestExecutionListener]
14:43:51.519 [Test worker] INFO org.springframework.boot.test.context.SpringBootTestContextBootstrapper - Using TestExecutionListeners: [org.springframework.test.context.web.ServletTestExecutionListener@3be8821f, org.springframework.test.context.support.DirtiesContextBeforeModesTestExecutionListener@64b31700, org.springframework.test.context.event.ApplicationEventsTestExecutionListener@3b65e559, org.springframework.boot.test.mock.mockito.MockitoTestExecutionListener@bae47a0, org.springframework.boot.test.autoconfigure.SpringBootDependencyInjectionTestExecutionListener@74a9c4b0, org.springframework.test.context.support.DirtiesContextTestExecutionListener@85ec632, org.springframework.test.context.transaction.TransactionalTestExecutionListener@1c05a54d, org.springframework.test.context.jdbc.SqlScriptsTestExecutionListener@65ef722a, org.springframework.test.context.event.EventPublishingTestExecutionListener@5fd9b663, org.springframework.boot.test.autoconfigure.restdocs.RestDocsTestExecutionListener@214894fc, org.springframework.boot.test.autoconfigure.web.client.MockRestServiceServerResetTestExecutionListener@10567255, org.springframework.boot.test.autoconfigure.web.servlet.MockMvcPrintOnlyOnFailureTestExecutionListener@e362c57, org.springframework.boot.test.autoconfigure.web.servlet.WebDriverTestExecutionListener@1c4ee95c, org.springframework.boot.test.autoconfigure.webservices.client.MockWebServiceServerTestExecutionListener@79c4715d, org.springframework.boot.test.mock.mockito.ResetMocksTestExecutionListener@5aa360ea]
14:43:51.528 [Test worker] DEBUG org.springframework.test.context.support.AbstractDirtiesContextTestExecutionListener - Before test class: context [DefaultTestContext@24528a25 testClass = GithubActionsTest1ApplicationTests, testInstance = [null], testMethod = [null], testException = [null], mergedContextConfiguration = [WebMergedContextConfiguration@17ae98d7 testClass = GithubActionsTest1ApplicationTests, locations = '{}', classes = '{class com.example.githubactionstest1.GithubActionsTest1Application}', contextInitializerClasses = '[]', activeProfiles = '{}', propertySourceLocations = '{}', propertySourceProperties = '{org.springframework.boot.test.context.SpringBootTestContextBootstrapper=true}', contextCustomizers = set[org.springframework.boot.test.autoconfigure.actuate.metrics.MetricsExportContextCustomizerFactory$DisableMetricExportContextCustomizer@75f65e45, org.springframework.boot.test.autoconfigure.properties.PropertyMappingContextCustomizer@0, org.springframework.boot.test.autoconfigure.web.servlet.WebDriverContextCustomizerFactory$Customizer@788fcafb, org.springframework.boot.test.context.filter.ExcludeFilterContextCustomizer@2fc0cc3, org.springframework.boot.test.json.DuplicateJsonObjectContextCustomizerFactory$DuplicateJsonObjectContextCustomizer@75459c75, org.springframework.boot.test.mock.mockito.MockitoContextCustomizer@0, org.springframework.boot.test.web.client.TestRestTemplateContextCustomizer@5f031ebd, org.springframework.boot.test.context.SpringBootTestArgs@1, org.springframework.boot.test.context.SpringBootTestWebEnvironment@35b74c5c], resourceBasePath = 'src/main/webapp', contextLoader = 'org.springframework.boot.test.context.SpringBootContextLoader', parent = [null]], attributes = map['org.springframework.test.context.web.ServletTestExecutionListener.activateListener' -> true]], class annotated with @DirtiesContext [false] with mode [null].

  .   ____          _            __ _ _
 /\\ / ___'_ __ _ _(_)_ __  __ _ \ \ \ \
( ( )\___ | '_ | '_| | '_ \/ _` | \ \ \ \
 \\/  ___)| |_)| | | | | || (_| |  ) ) ) )
  '  |____| .__|_| |_|_| |_\__, | / / / /
 =========|_|==============|___/=/_/_/_/
 :: Spring Boot ::                (v2.7.3)

2022-08-22 14:43:52.123  INFO 4135 --- [    Test worker] c.e.g.GithubActionsTest1ApplicationTests : Starting GithubActionsTest1ApplicationTests using Java 11.0.15.1 on Adminui-MacBookPro.local with PID 4135 (started by admin in /Users/admin/Downloads/github-actions-test1)
2022-08-22 14:43:52.125  INFO 4135 --- [    Test worker] c.e.g.GithubActionsTest1ApplicationTests : No active profile set, falling back to 1 default profile: "default"
2022-08-22 14:43:53.396  INFO 4135 --- [    Test worker] .s.d.r.c.RepositoryConfigurationDelegate : Bootstrapping Spring Data JPA repositories in DEFAULT mode.
2022-08-22 14:43:53.418  INFO 4135 --- [    Test worker] .s.d.r.c.RepositoryConfigurationDelegate : Finished Spring Data repository scanning in 14 ms. Found 0 JPA repository interfaces.
2022-08-22 14:43:54.998  INFO 4135 --- [    Test worker] o.hibernate.jpa.internal.util.LogHelper  : HHH000204: Processing PersistenceUnitInfo [name: default]
2022-08-22 14:43:55.044  INFO 4135 --- [    Test worker] org.hibernate.Version                    : HHH000412: Hibernate ORM core version 5.6.10.Final
2022-08-22 14:43:55.241  INFO 4135 --- [    Test worker] o.hibernate.annotations.common.Version   : HCANN000001: Hibernate Commons Annotations {5.1.2.Final}
2022-08-22 14:43:55.329  INFO 4135 --- [    Test worker] com.zaxxer.hikari.HikariDataSource       : HikariPool-1 - Starting...
2022-08-22 14:43:56.975  INFO 4135 --- [    Test worker] com.zaxxer.hikari.HikariDataSource       : HikariPool-1 - Start completed.
2022-08-22 14:43:57.016  INFO 4135 --- [    Test worker] org.hibernate.dialect.Dialect            : HHH000400: Using dialect: org.hibernate.dialect.MySQL8Dialect
2022-08-22 14:43:57.758  INFO 4135 --- [    Test worker] o.h.e.t.j.p.i.JtaPlatformInitiator       : HHH000490: Using JtaPlatform implementation: [org.hibernate.engine.transaction.jta.platform.internal.NoJtaPlatform]
2022-08-22 14:43:57.769  INFO 4135 --- [    Test worker] j.LocalContainerEntityManagerFactoryBean : Initialized JPA EntityManagerFactory for persistence unit 'default'
2022-08-22 14:43:58.221  WARN 4135 --- [    Test worker] JpaBaseConfiguration$JpaWebConfiguration : spring.jpa.open-in-view is enabled by default. Therefore, database queries may be performed during view rendering. Explicitly configure spring.jpa.open-in-view to disable this warning
2022-08-22 14:43:59.316  INFO 4135 --- [    Test worker] c.e.g.GithubActionsTest1ApplicationTests : Started GithubActionsTest1ApplicationTests in 7.725 seconds (JVM running for 9.53)
]]></system-out>
  <system-err><![CDATA[]]></system-err>
</testsuite>
