<?xml version="1.0" encoding="UTF-8"?>
<testsuite name="com.example.githubactionstest1.GithubActionsTest1ApplicationTests" tests="1" skipped="0" failures="0" errors="0" timestamp="2022-08-19T01:40:42" hostname="Adminui-MacBookPro.local" time="0.442">
  <properties/>
  <testcase name="test1()" classname="com.example.githubactionstest1.GithubActionsTest1ApplicationTests" time="0.442"/>
  <system-out><![CDATA[10:40:38.567 [Test worker] DEBUG org.springframework.test.context.BootstrapUtils - Instantiating CacheAwareContextLoaderDelegate from class [org.springframework.test.context.cache.DefaultCacheAwareContextLoaderDelegate]
10:40:38.580 [Test worker] DEBUG org.springframework.test.context.BootstrapUtils - Instantiating BootstrapContext using constructor [public org.springframework.test.context.support.DefaultBootstrapContext(java.lang.Class,org.springframework.test.context.CacheAwareContextLoaderDelegate)]
10:40:38.631 [Test worker] DEBUG org.springframework.test.context.BootstrapUtils - Instantiating TestContextBootstrapper for test class [com.example.githubactionstest1.GithubActionsTest1ApplicationTests] from class [org.springframework.boot.test.context.SpringBootTestContextBootstrapper]
10:40:38.703 [Test worker] INFO org.springframework.boot.test.context.SpringBootTestContextBootstrapper - Neither @ContextConfiguration nor @ContextHierarchy found for test class [com.example.githubactionstest1.GithubActionsTest1ApplicationTests], using SpringBootContextLoader
10:40:38.708 [Test worker] DEBUG org.springframework.test.context.support.AbstractContextLoader - Did not detect default resource location for test class [com.example.githubactionstest1.GithubActionsTest1ApplicationTests]: class path resource [com/example/githubactionstest1/GithubActionsTest1ApplicationTests-context.xml] does not exist
10:40:38.710 [Test worker] DEBUG org.springframework.test.context.support.AbstractContextLoader - Did not detect default resource location for test class [com.example.githubactionstest1.GithubActionsTest1ApplicationTests]: class path resource [com/example/githubactionstest1/GithubActionsTest1ApplicationTestsContext.groovy] does not exist
10:40:38.710 [Test worker] INFO org.springframework.test.context.support.AbstractContextLoader - Could not detect default resource locations for test class [com.example.githubactionstest1.GithubActionsTest1ApplicationTests]: no resource found for suffixes {-context.xml, Context.groovy}.
10:40:38.710 [Test worker] INFO org.springframework.test.context.support.AnnotationConfigContextLoaderUtils - Could not detect default configuration classes for test class [com.example.githubactionstest1.GithubActionsTest1ApplicationTests]: GithubActionsTest1ApplicationTests does not declare any static, non-private, non-final, nested classes annotated with @Configuration.
10:40:38.770 [Test worker] DEBUG org.springframework.test.context.support.ActiveProfilesUtils - Could not find an 'annotation declaring class' for annotation type [org.springframework.test.context.ActiveProfiles] and class [com.example.githubactionstest1.GithubActionsTest1ApplicationTests]
10:40:38.851 [Test worker] DEBUG org.springframework.context.annotation.ClassPathScanningCandidateComponentProvider - Identified candidate component class: file [/Users/admin/Downloads/github-actions-test1/build/classes/kotlin/main/com/example/githubactionstest1/GithubActionsTest1Application.class]
10:40:38.855 [Test worker] INFO org.springframework.boot.test.context.SpringBootTestContextBootstrapper - Found @SpringBootConfiguration com.example.githubactionstest1.GithubActionsTest1Application for test class com.example.githubactionstest1.GithubActionsTest1ApplicationTests
10:40:38.960 [Test worker] DEBUG org.springframework.boot.test.context.SpringBootTestContextBootstrapper - @TestExecutionListeners is not present for class [com.example.githubactionstest1.GithubActionsTest1ApplicationTests]: using defaults.
10:40:38.961 [Test worker] INFO org.springframework.boot.test.context.SpringBootTestContextBootstrapper - Loaded default TestExecutionListener class names from location [META-INF/spring.factories]: [org.springframework.boot.test.autoconfigure.restdocs.RestDocsTestExecutionListener, org.springframework.boot.test.autoconfigure.web.client.MockRestServiceServerResetTestExecutionListener, org.springframework.boot.test.autoconfigure.web.servlet.MockMvcPrintOnlyOnFailureTestExecutionListener, org.springframework.boot.test.autoconfigure.web.servlet.WebDriverTestExecutionListener, org.springframework.boot.test.autoconfigure.webservices.client.MockWebServiceServerTestExecutionListener, org.springframework.boot.test.mock.mockito.MockitoTestExecutionListener, org.springframework.boot.test.mock.mockito.ResetMocksTestExecutionListener, org.springframework.test.context.web.ServletTestExecutionListener, org.springframework.test.context.support.DirtiesContextBeforeModesTestExecutionListener, org.springframework.test.context.event.ApplicationEventsTestExecutionListener, org.springframework.test.context.support.DependencyInjectionTestExecutionListener, org.springframework.test.context.support.DirtiesContextTestExecutionListener, org.springframework.test.context.transaction.TransactionalTestExecutionListener, org.springframework.test.context.jdbc.SqlScriptsTestExecutionListener, org.springframework.test.context.event.EventPublishingTestExecutionListener]
10:40:38.974 [Test worker] DEBUG org.springframework.boot.test.context.SpringBootTestContextBootstrapper - Skipping candidate TestExecutionListener [org.springframework.test.context.transaction.TransactionalTestExecutionListener] due to a missing dependency. Specify custom listener classes or make the default listener classes and their required dependencies available. Offending class: [org/springframework/transaction/TransactionDefinition]
10:40:38.974 [Test worker] DEBUG org.springframework.boot.test.context.SpringBootTestContextBootstrapper - Skipping candidate TestExecutionListener [org.springframework.test.context.jdbc.SqlScriptsTestExecutionListener] due to a missing dependency. Specify custom listener classes or make the default listener classes and their required dependencies available. Offending class: [org/springframework/transaction/interceptor/TransactionAttribute]
10:40:38.975 [Test worker] INFO org.springframework.boot.test.context.SpringBootTestContextBootstrapper - Using TestExecutionListeners: [org.springframework.test.context.web.ServletTestExecutionListener@c1fca1e, org.springframework.test.context.support.DirtiesContextBeforeModesTestExecutionListener@241a53ef, org.springframework.test.context.event.ApplicationEventsTestExecutionListener@344344fa, org.springframework.boot.test.mock.mockito.MockitoTestExecutionListener@2db2cd5, org.springframework.boot.test.autoconfigure.SpringBootDependencyInjectionTestExecutionListener@70e659aa, org.springframework.test.context.support.DirtiesContextTestExecutionListener@615f972, org.springframework.test.context.event.EventPublishingTestExecutionListener@285f09de, org.springframework.boot.test.autoconfigure.restdocs.RestDocsTestExecutionListener@73393584, org.springframework.boot.test.autoconfigure.web.client.MockRestServiceServerResetTestExecutionListener@31500940, org.springframework.boot.test.autoconfigure.web.servlet.MockMvcPrintOnlyOnFailureTestExecutionListener@1827a871, org.springframework.boot.test.autoconfigure.web.servlet.WebDriverTestExecutionListener@48e64352, org.springframework.boot.test.autoconfigure.webservices.client.MockWebServiceServerTestExecutionListener@7249dadf, org.springframework.boot.test.mock.mockito.ResetMocksTestExecutionListener@4362d7df]
10:40:38.980 [Test worker] DEBUG org.springframework.test.context.support.AbstractDirtiesContextTestExecutionListener - Before test class: context [DefaultTestContext@5ed190be testClass = GithubActionsTest1ApplicationTests, testInstance = [null], testMethod = [null], testException = [null], mergedContextConfiguration = [WebMergedContextConfiguration@402f80f5 testClass = GithubActionsTest1ApplicationTests, locations = '{}', classes = '{class com.example.githubactionstest1.GithubActionsTest1Application}', contextInitializerClasses = '[]', activeProfiles = '{}', propertySourceLocations = '{}', propertySourceProperties = '{org.springframework.boot.test.context.SpringBootTestContextBootstrapper=true}', contextCustomizers = set[org.springframework.boot.test.autoconfigure.actuate.metrics.MetricsExportContextCustomizerFactory$DisableMetricExportContextCustomizer@b6b1987, org.springframework.boot.test.autoconfigure.properties.PropertyMappingContextCustomizer@0, org.springframework.boot.test.autoconfigure.web.servlet.WebDriverContextCustomizerFactory$Customizer@62452cc9, org.springframework.boot.test.context.filter.ExcludeFilterContextCustomizer@7516e4e5, org.springframework.boot.test.json.DuplicateJsonObjectContextCustomizerFactory$DuplicateJsonObjectContextCustomizer@3e7634b9, org.springframework.boot.test.mock.mockito.MockitoContextCustomizer@0, org.springframework.boot.test.web.client.TestRestTemplateContextCustomizer@72758afa, org.springframework.boot.test.context.SpringBootTestArgs@1, org.springframework.boot.test.context.SpringBootTestWebEnvironment@2438dcd], resourceBasePath = 'src/main/webapp', contextLoader = 'org.springframework.boot.test.context.SpringBootContextLoader', parent = [null]], attributes = map['org.springframework.test.context.web.ServletTestExecutionListener.activateListener' -> true]], class annotated with @DirtiesContext [false] with mode [null].

  .   ____          _            __ _ _
 /\\ / ___'_ __ _ _(_)_ __  __ _ \ \ \ \
( ( )\___ | '_ | '_| | '_ \/ _` | \ \ \ \
 \\/  ___)| |_)| | | | | || (_| |  ) ) ) )
  '  |____| .__|_| |_|_| |_\__, | / / / /
 =========|_|==============|___/=/_/_/_/
 :: Spring Boot ::                (v2.7.3)

2022-08-19 10:40:39.574  INFO 1091 --- [    Test worker] c.e.g.GithubActionsTest1ApplicationTests : Starting GithubActionsTest1ApplicationTests using Java 11.0.15.1 on Adminui-MacBookPro.local with PID 1091 (started by admin in /Users/admin/Downloads/github-actions-test1)
2022-08-19 10:40:39.577  INFO 1091 --- [    Test worker] c.e.g.GithubActionsTest1ApplicationTests : No active profile set, falling back to 1 default profile: "default"
2022-08-19 10:40:42.154  INFO 1091 --- [    Test worker] c.e.g.GithubActionsTest1ApplicationTests : Started GithubActionsTest1ApplicationTests in 3.076 seconds (JVM running for 4.748)
]]></system-out>
  <system-err><![CDATA[]]></system-err>
</testsuite>
